0 info it worked if it ends with ok
1 verbose cli [ 'F:\\nodejs\\\\node.exe',
1 verbose cli   'F:\\nodejs\\node_modules\\npm\\bin\\npm-cli.js',
1 verbose cli   'install',
1 verbose cli   '--save',
1 verbose cli   'child_process' ]
2 info using npm@2.10.1
3 info using node@v0.12.4
4 verbose install initial load of C:\Users\kevin.zhong\Desktop\autoDeployment\package.json
5 verbose installManyTop reading scoped package data from C:\Users\kevin.zhong\Desktop\autoDeployment\node_modules\express\package.json
6 verbose installManyTop reading scoped package data from C:\Users\kevin.zhong\Desktop\autoDeployment\node_modules\queue-async\package.json
7 info package.json queue-async@1.0.7 No license field.
8 verbose readDependencies loading dependencies from C:\Users\kevin.zhong\Desktop\autoDeployment\package.json
9 silly cache add args [ 'child_process', null ]
10 verbose cache add spec child_process
11 silly cache add parsed spec { raw: 'child_process',
11 silly cache add   scope: null,
11 silly cache add   name: 'child_process',
11 silly cache add   rawSpec: '',
11 silly cache add   spec: '*',
11 silly cache add   type: 'range' }
12 silly addNamed child_process@*
13 verbose addNamed "*" is a valid semver range for child_process
14 silly addNameRange { name: 'child_process', range: '*', hasData: false }
15 silly mapToRegistry name child_process
16 silly mapToRegistry using default registry
17 silly mapToRegistry registry http://registry.npm.taobao.org/
18 silly mapToRegistry uri http://registry.npm.taobao.org/child_process
19 verbose addNameRange registry:http://registry.npm.taobao.org/child_process not in flight; fetching
20 verbose request uri http://registry.npm.taobao.org/child_process
21 verbose request no auth needed
22 info attempt registry request try #1 at 17:31:16
23 verbose request id 4e6baf3b41e41c79
24 http request GET http://registry.npm.taobao.org/child_process
25 http 404 http://registry.npm.taobao.org/child_process
26 verbose headers { 'content-type': 'application/json',
26 verbose headers   'cache-control': 'max-age=0',
26 verbose headers   'content-length': '2',
26 verbose headers   'accept-ranges': 'bytes',
26 verbose headers   date: 'Thu, 27 Aug 2015 09:31:36 GMT',
26 verbose headers   via: '1.1 varnish',
26 verbose headers   age: '0',
26 verbose headers   connection: 'close',
26 verbose headers   'x-served-by': 'cache-nrt6127-NRT',
26 verbose headers   'x-cache': 'MISS',
26 verbose headers   'x-cache-hits': '0',
26 verbose headers   'x-timer': 'S1440667896.123437,VS0,VE189' }
27 silly get cb [ 404,
27 silly get   { 'content-type': 'application/json',
27 silly get     'cache-control': 'max-age=0',
27 silly get     'content-length': '2',
27 silly get     'accept-ranges': 'bytes',
27 silly get     date: 'Thu, 27 Aug 2015 09:31:36 GMT',
27 silly get     via: '1.1 varnish',
27 silly get     age: '0',
27 silly get     connection: 'close',
27 silly get     'x-served-by': 'cache-nrt6127-NRT',
27 silly get     'x-cache': 'MISS',
27 silly get     'x-cache-hits': '0',
27 silly get     'x-timer': 'S1440667896.123437,VS0,VE189' } ]
28 verbose stack Error: Registry returned 404 for GET on http://registry.npm.taobao.org/child_process
28 verbose stack     at CachingRegistryClient.<anonymous> (F:\nodejs\node_modules\npm\node_modules\npm-registry-client\lib\request.js:239:14)
28 verbose stack     at Request._callback (F:\nodejs\node_modules\npm\node_modules\npm-registry-client\lib\request.js:170:14)
28 verbose stack     at Request.self.callback (F:\nodejs\node_modules\npm\node_modules\request\request.js:368:22)
28 verbose stack     at Request.emit (events.js:110:17)
28 verbose stack     at Request.<anonymous> (F:\nodejs\node_modules\npm\node_modules\request\request.js:1219:14)
28 verbose stack     at Request.emit (events.js:129:20)
28 verbose stack     at IncomingMessage.<anonymous> (F:\nodejs\node_modules\npm\node_modules\request\request.js:1167:12)
28 verbose stack     at IncomingMessage.emit (events.js:129:20)
28 verbose stack     at _stream_readable.js:908:16
28 verbose stack     at process._tickCallback (node.js:355:11)
29 verbose statusCode 404
30 verbose pkgid child_process
31 verbose cwd C:\Users\kevin.zhong\Desktop\autoDeployment
32 error Windows_NT 6.3.9600
33 error argv "F:\\nodejs\\\\node.exe" "F:\\nodejs\\node_modules\\npm\\bin\\npm-cli.js" "install" "--save" "child_process"
34 error node v0.12.4
35 error npm  v2.10.1
36 error code E404
37 error 404 Registry returned 404 for GET on http://registry.npm.taobao.org/child_process
37 error 404
37 error 404 'child_process' is not in the npm registry.
37 error 404 You should bug the author to publish it (or use the name yourself!)
37 error 404 It was specified as a dependency of 'auto-deployment'
37 error 404
37 error 404 Note that you can also install from a
37 error 404 tarball, folder, http url, or git url.
38 verbose exit [ 1, true ]
